2017-06-01 00:22:49.858  INFO 5254 --- [main] com.yalov4uk.core.Application            : Starting Application on valera-k55vm with PID 5254 (/home/valera/Projects/Java/SelectionCommittee/core/target/classes started by valera in /home/valera/Projects/Java/SelectionCommittee)
2017-06-01 00:22:49.860  INFO 5254 --- [main] com.yalov4uk.core.Application            : No active profile set, falling back to default profiles: default
2017-06-01 00:22:49.932  INFO 5254 --- [main] ationConfigEmbeddedWebApplicationContext : Refreshing org.springframework.boot.context.embedded.AnnotationConfigEmbeddedWebApplicationContext@1372ed45: startup date [Thu Jun 01 00:22:49 MSK 2017]; root of context hierarchy
2017-06-01 00:22:51.701  INFO 5254 --- [main] s.b.c.e.t.TomcatEmbeddedServletContainer : Tomcat initialized with port(s): 8080 (http)
2017-06-01 00:22:51.710  INFO 5254 --- [main] o.apache.catalina.core.StandardService   : Starting service Tomcat
2017-06-01 00:22:51.710  INFO 5254 --- [main] org.apache.catalina.core.StandardEngine  : Starting Servlet Engine: Apache Tomcat/8.5.14
2017-06-01 00:22:51.795  INFO 5254 --- [localhost-startStop-1] o.a.c.c.C.[Tomcat].[localhost].[/]       : Initializing Spring embedded WebApplicationContext
2017-06-01 00:22:51.796  INFO 5254 --- [localhost-startStop-1] o.s.web.context.ContextLoader            : Root WebApplicationContext: initialization completed in 1868 ms
2017-06-01 00:22:51.927  INFO 5254 --- [localhost-startStop-1] o.s.b.w.servlet.FilterRegistrationBean   : Mapping filter: 'characterEncodingFilter' to: [/*]
2017-06-01 00:22:51.927  INFO 5254 --- [localhost-startStop-1] o.s.b.w.servlet.FilterRegistrationBean   : Mapping filter: 'hiddenHttpMethodFilter' to: [/*]
2017-06-01 00:22:51.927  INFO 5254 --- [localhost-startStop-1] o.s.b.w.servlet.FilterRegistrationBean   : Mapping filter: 'httpPutFormContentFilter' to: [/*]
2017-06-01 00:22:51.927  INFO 5254 --- [localhost-startStop-1] o.s.b.w.servlet.FilterRegistrationBean   : Mapping filter: 'requestContextFilter' to: [/*]
2017-06-01 00:22:51.928  INFO 5254 --- [localhost-startStop-1] .s.DelegatingFilterProxyRegistrationBean : Mapping filter: 'springSecurityFilterChain' to: [/*]
2017-06-01 00:22:51.929  INFO 5254 --- [localhost-startStop-1] o.s.b.w.servlet.ServletRegistrationBean  : Mapping servlet: 'dispatcherServlet' to [/]
2017-06-01 00:22:52.272  INFO 5254 --- [main] j.LocalContainerEntityManagerFactoryBean : Building JPA container EntityManagerFactory for persistence unit 'default'
2017-06-01 00:22:52.944  INFO 5254 --- [main] j.LocalContainerEntityManagerFactoryBean : Initialized JPA EntityManagerFactory for persistence unit 'default'
2017-06-01 00:22:53.478  INFO 5254 --- [main] o.s.s.web.DefaultSecurityFilterChain     : Creating filter chain: org.springframework.security.web.util.matcher.AnyRequestMatcher@1, [org.springframework.security.web.context.request.async.WebAsyncManagerIntegrationFilter@5460edd3, org.springframework.security.web.context.SecurityContextPersistenceFilter@3c9ef6e9, org.springframework.security.web.header.HeaderWriterFilter@2a8f6e6, org.springframework.security.web.authentication.logout.LogoutFilter@738a5848, org.springframework.security.web.authentication.UsernamePasswordAuthenticationFilter@42679fc2, org.springframework.security.web.authentication.ui.DefaultLoginPageGeneratingFilter@631c6d11, org.springframework.security.web.authentication.www.BasicAuthenticationFilter@2abafa97, org.springframework.security.web.savedrequest.RequestCacheAwareFilter@57e5396b, org.springframework.security.web.servletapi.SecurityContextHolderAwareRequestFilter@608cd501, org.springframework.security.web.authentication.AnonymousAuthenticationFilter@5dbbb292, org.springframework.security.web.session.SessionManagementFilter@668cc9a2, org.springframework.security.web.access.ExceptionTranslationFilter@b5b9333, org.springframework.security.web.access.intercept.FilterSecurityInterceptor@1ef31f71]
2017-06-01 00:22:53.574  INFO 5254 --- [main] s.w.s.m.m.a.RequestMappingHandlerAdapter : Looking for @ControllerAdvice: org.springframework.boot.context.embedded.AnnotationConfigEmbeddedWebApplicationContext@1372ed45: startup date [Thu Jun 01 00:22:49 MSK 2017]; root of context hierarchy
2017-06-01 00:22:53.629  INFO 5254 --- [main] s.w.s.m.m.a.RequestMappingHandlerMapping : Mapped "{[/admin/registerStatement],methods=[POST]}" onto public org.springframework.http.ResponseEntity com.yalov4uk.controllers.AdminController.createStatement(com.yalov4uk.dto.UserAndFacultyDto)
2017-06-01 00:22:53.630  INFO 5254 --- [main] s.w.s.m.m.a.RequestMappingHandlerMapping : Mapped "{[/admin/calculateEntrants/{facultyId}],methods=[GET]}" onto public org.springframework.http.ResponseEntity com.yalov4uk.controllers.AdminController.calculateEntrants(int)
2017-06-01 00:22:53.630  INFO 5254 --- [main] s.w.s.m.m.a.RequestMappingHandlerMapping : Mapped "{[/client/register],methods=[POST]}" onto public org.springframework.http.ResponseEntity com.yalov4uk.controllers.ClientController.register(com.yalov4uk.dto.UserDto)
2017-06-01 00:22:53.631  INFO 5254 --- [main] s.w.s.m.m.a.RequestMappingHandlerMapping : Mapped "{[/enrollee/getRequiredSubjectNames/{facultyId}],methods=[GET]}" onto public org.springframework.http.ResponseEntity com.yalov4uk.controllers.EnrolleeController.getRequiredSubjectNames(java.lang.Integer)
2017-06-01 00:22:53.631  INFO 5254 --- [main] s.w.s.m.m.a.RequestMappingHandlerMapping : Mapped "{[/enrollee/registerToFaculty/{facultyId}],methods=[GET]}" onto public org.springframework.http.ResponseEntity com.yalov4uk.controllers.EnrolleeController.registerToFaculty(java.lang.Integer)
2017-06-01 00:22:53.634  INFO 5254 --- [main] s.w.s.m.m.a.RequestMappingHandlerMapping : Mapped "{[/faculties/{facultyId}/subjects],methods=[GET]}" onto public org.springframework.http.ResponseEntity com.yalov4uk.controllers.beans.FacultyController.getRequiredSubjects(int)
2017-06-01 00:22:53.634  INFO 5254 --- [main] s.w.s.m.m.a.RequestMappingHandlerMapping : Mapped "{[/faculties/{facultyId}/subjects],methods=[POST]}" onto public org.springframework.http.ResponseEntity com.yalov4uk.controllers.beans.FacultyController.addSubjectName(int,com.yalov4uk.dto.SubjectNameDto)
2017-06-01 00:22:53.635  INFO 5254 --- [main] s.w.s.m.m.a.RequestMappingHandlerMapping : Mapped "{[/faculties/{facultyId}/subjects/{subjectId}],methods=[DELETE]}" onto public org.springframework.http.ResponseEntity com.yalov4uk.controllers.beans.FacultyController.deleteSubjectName(int,int)
2017-06-01 00:22:53.635  INFO 5254 --- [main] s.w.s.m.m.a.RequestMappingHandlerMapping : Mapped "{[/faculties/{facultyId}/users],methods=[GET]}" onto public org.springframework.http.ResponseEntity com.yalov4uk.controllers.beans.FacultyController.getRegisteredUsers(int)
2017-06-01 00:22:53.635  INFO 5254 --- [main] s.w.s.m.m.a.RequestMappingHandlerMapping : Mapped "{[/faculties/{facultyId}/users],methods=[POST]}" onto public org.springframework.http.ResponseEntity com.yalov4uk.controllers.beans.FacultyController.registerToFaculty(int)
2017-06-01 00:22:53.635  INFO 5254 --- [main] s.w.s.m.m.a.RequestMappingHandlerMapping : Mapped "{[/faculties],methods=[PUT]}" onto public org.springframework.http.ResponseEntity<com.yalov4uk.dto.FacultyDto> com.yalov4uk.controllers.beans.FacultyController.update(com.yalov4uk.dto.FacultyDto)
2017-06-01 00:22:53.636  INFO 5254 --- [main] s.w.s.m.m.a.RequestMappingHandlerMapping : Mapped "{[/faculties],methods=[POST]}" onto public org.springframework.http.ResponseEntity<com.yalov4uk.dto.FacultyDto> com.yalov4uk.controllers.beans.FacultyController.create(com.yalov4uk.dto.FacultyDto)
2017-06-01 00:22:53.636  INFO 5254 --- [main] s.w.s.m.m.a.RequestMappingHandlerMapping : Mapped "{[/faculties],methods=[GET]}" onto public org.springframework.http.ResponseEntity<java.util.List<D>> com.yalov4uk.abstracts.BaseCrudController.getAll()
2017-06-01 00:22:53.636  INFO 5254 --- [main] s.w.s.m.m.a.RequestMappingHandlerMapping : Mapped "{[/faculties/{id}],methods=[GET]}" onto public org.springframework.http.ResponseEntity<D> com.yalov4uk.abstracts.BaseCrudController.read(int)
2017-06-01 00:22:53.636  INFO 5254 --- [main] s.w.s.m.m.a.RequestMappingHandlerMapping : Mapped "{[/faculties/{id}],methods=[DELETE]}" onto public org.springframework.http.ResponseEntity com.yalov4uk.abstracts.BaseCrudController.delete(int)
2017-06-01 00:22:53.640  INFO 5254 --- [main] s.w.s.m.m.a.RequestMappingHandlerMapping : Mapped "{[/roles],methods=[PUT]}" onto public org.springframework.http.ResponseEntity com.yalov4uk.controllers.beans.RoleController.update(com.yalov4uk.dto.RoleDto)
2017-06-01 00:22:53.640  INFO 5254 --- [main] s.w.s.m.m.a.RequestMappingHandlerMapping : Mapped "{[/roles],methods=[POST]}" onto public org.springframework.http.ResponseEntity com.yalov4uk.controllers.beans.RoleController.create(com.yalov4uk.dto.RoleDto)
2017-06-01 00:22:53.640  INFO 5254 --- [main] s.w.s.m.m.a.RequestMappingHandlerMapping : Mapped "{[/roles],methods=[GET]}" onto public org.springframework.http.ResponseEntity<java.util.List<D>> com.yalov4uk.abstracts.BaseCrudController.getAll()
2017-06-01 00:22:53.641  INFO 5254 --- [main] s.w.s.m.m.a.RequestMappingHandlerMapping : Mapped "{[/roles/{id}],methods=[GET]}" onto public org.springframework.http.ResponseEntity<D> com.yalov4uk.abstracts.BaseCrudController.read(int)
2017-06-01 00:22:53.641  INFO 5254 --- [main] s.w.s.m.m.a.RequestMappingHandlerMapping : Mapped "{[/roles/{id}],methods=[DELETE]}" onto public org.springframework.http.ResponseEntity com.yalov4uk.abstracts.BaseCrudController.delete(int)
2017-06-01 00:22:53.642  INFO 5254 --- [main] s.w.s.m.m.a.RequestMappingHandlerMapping : Mapped "{[/statements],methods=[PUT]}" onto public org.springframework.http.ResponseEntity com.yalov4uk.controllers.beans.StatementController.update(com.yalov4uk.dto.StatementDto)
2017-06-01 00:22:53.642  INFO 5254 --- [main] s.w.s.m.m.a.RequestMappingHandlerMapping : Mapped "{[/statements],methods=[POST]}" onto public org.springframework.http.ResponseEntity com.yalov4uk.controllers.beans.StatementController.create(com.yalov4uk.dto.UserAndFacultyDto)
2017-06-01 00:22:53.642  INFO 5254 --- [main] s.w.s.m.m.a.RequestMappingHandlerMapping : Mapped "{[/statements],methods=[GET]}" onto public org.springframework.http.ResponseEntity<java.util.List<D>> com.yalov4uk.abstracts.BaseCrudController.getAll()
2017-06-01 00:22:53.643  INFO 5254 --- [main] s.w.s.m.m.a.RequestMappingHandlerMapping : Mapped "{[/statements/{id}],methods=[GET]}" onto public org.springframework.http.ResponseEntity<D> com.yalov4uk.abstracts.BaseCrudController.read(int)
2017-06-01 00:22:53.643  INFO 5254 --- [main] s.w.s.m.m.a.RequestMappingHandlerMapping : Mapped "{[/statements/{id}],methods=[DELETE]}" onto public org.springframework.http.ResponseEntity com.yalov4uk.abstracts.BaseCrudController.delete(int)
2017-06-01 00:22:53.644  INFO 5254 --- [main] s.w.s.m.m.a.RequestMappingHandlerMapping : Mapped "{[/subjects],methods=[PUT]}" onto public org.springframework.http.ResponseEntity com.yalov4uk.controllers.beans.SubjectController.update(com.yalov4uk.dto.SubjectDto)
2017-06-01 00:22:53.644  INFO 5254 --- [main] s.w.s.m.m.a.RequestMappingHandlerMapping : Mapped "{[/subjects],methods=[POST]}" onto public org.springframework.http.ResponseEntity com.yalov4uk.controllers.beans.SubjectController.create(com.yalov4uk.dto.SubjectDto)
2017-06-01 00:22:53.644  INFO 5254 --- [main] s.w.s.m.m.a.RequestMappingHandlerMapping : Mapped "{[/subjects],methods=[GET]}" onto public org.springframework.http.ResponseEntity<java.util.List<D>> com.yalov4uk.abstracts.BaseCrudController.getAll()
2017-06-01 00:22:53.645  INFO 5254 --- [main] s.w.s.m.m.a.RequestMappingHandlerMapping : Mapped "{[/subjects/{id}],methods=[GET]}" onto public org.springframework.http.ResponseEntity<D> com.yalov4uk.abstracts.BaseCrudController.read(int)
2017-06-01 00:22:53.645  INFO 5254 --- [main] s.w.s.m.m.a.RequestMappingHandlerMapping : Mapped "{[/subjects/{id}],methods=[DELETE]}" onto public org.springframework.http.ResponseEntity com.yalov4uk.abstracts.BaseCrudController.delete(int)
2017-06-01 00:22:53.646  INFO 5254 --- [main] s.w.s.m.m.a.RequestMappingHandlerMapping : Mapped "{[/subjectNames],methods=[PUT]}" onto public org.springframework.http.ResponseEntity com.yalov4uk.controllers.beans.SubjectNameController.update(com.yalov4uk.dto.SubjectNameDto)
2017-06-01 00:22:53.646  INFO 5254 --- [main] s.w.s.m.m.a.RequestMappingHandlerMapping : Mapped "{[/subjectNames],methods=[POST]}" onto public org.springframework.http.ResponseEntity com.yalov4uk.controllers.beans.SubjectNameController.create(com.yalov4uk.dto.SubjectNameDto)
2017-06-01 00:22:53.646  INFO 5254 --- [main] s.w.s.m.m.a.RequestMappingHandlerMapping : Mapped "{[/subjectNames],methods=[GET]}" onto public org.springframework.http.ResponseEntity<java.util.List<D>> com.yalov4uk.abstracts.BaseCrudController.getAll()
2017-06-01 00:22:53.647  INFO 5254 --- [main] s.w.s.m.m.a.RequestMappingHandlerMapping : Mapped "{[/subjectNames/{id}],methods=[GET]}" onto public org.springframework.http.ResponseEntity<D> com.yalov4uk.abstracts.BaseCrudController.read(int)
2017-06-01 00:22:53.647  INFO 5254 --- [main] s.w.s.m.m.a.RequestMappingHandlerMapping : Mapped "{[/subjectNames/{id}],methods=[DELETE]}" onto public org.springframework.http.ResponseEntity com.yalov4uk.abstracts.BaseCrudController.delete(int)
2017-06-01 00:22:53.648  INFO 5254 --- [main] s.w.s.m.m.a.RequestMappingHandlerMapping : Mapped "{[/users/{userId}/subjects],methods=[GET]}" onto public org.springframework.http.ResponseEntity com.yalov4uk.controllers.beans.UserController.getSubjects(int)
2017-06-01 00:22:53.648  INFO 5254 --- [main] s.w.s.m.m.a.RequestMappingHandlerMapping : Mapped "{[/users/myAccount],methods=[GET]}" onto public org.springframework.http.ResponseEntity com.yalov4uk.controllers.beans.UserController.getMyAccount()
2017-06-01 00:22:53.649  INFO 5254 --- [main] s.w.s.m.m.a.RequestMappingHandlerMapping : Mapped "{[/users/myAccount/subjects],methods=[GET]}" onto public org.springframework.http.ResponseEntity com.yalov4uk.controllers.beans.UserController.getMySubjects()
2017-06-01 00:22:53.649  INFO 5254 --- [main] s.w.s.m.m.a.RequestMappingHandlerMapping : Mapped "{[/users],methods=[PUT]}" onto public org.springframework.http.ResponseEntity<com.yalov4uk.dto.UserDto> com.yalov4uk.controllers.beans.UserController.update(com.yalov4uk.dto.UserDto)
2017-06-01 00:22:53.649  INFO 5254 --- [main] s.w.s.m.m.a.RequestMappingHandlerMapping : Mapped "{[/users],methods=[POST]}" onto public org.springframework.http.ResponseEntity com.yalov4uk.controllers.beans.UserController.create(com.yalov4uk.dto.UserDto)
2017-06-01 00:22:53.649  INFO 5254 --- [main] s.w.s.m.m.a.RequestMappingHandlerMapping : Mapped "{[/users],methods=[GET]}" onto public org.springframework.http.ResponseEntity<java.util.List<D>> com.yalov4uk.abstracts.BaseCrudController.getAll()
2017-06-01 00:22:53.650  INFO 5254 --- [main] s.w.s.m.m.a.RequestMappingHandlerMapping : Mapped "{[/users/{id}],methods=[GET]}" onto public org.springframework.http.ResponseEntity<D> com.yalov4uk.abstracts.BaseCrudController.read(int)
2017-06-01 00:22:53.650  INFO 5254 --- [main] s.w.s.m.m.a.RequestMappingHandlerMapping : Mapped "{[/users/{id}],methods=[DELETE]}" onto public org.springframework.http.ResponseEntity com.yalov4uk.abstracts.BaseCrudController.delete(int)
2017-06-01 00:22:53.652  INFO 5254 --- [main] s.w.s.m.m.a.RequestMappingHandlerMapping : Mapped "{[/error],produces=[text/html]}" onto public org.springframework.web.servlet.ModelAndView org.springframework.boot.autoconfigure.web.BasicErrorController.errorHtml(javax.servlet.http.HttpServletRequest,javax.servlet.http.HttpServletResponse)
2017-06-01 00:22:53.652  INFO 5254 --- [main] s.w.s.m.m.a.RequestMappingHandlerMapping : Mapped "{[/error]}" onto public org.springframework.http.ResponseEntity<java.util.Map<java.lang.String, java.lang.Object>> org.springframework.boot.autoconfigure.web.BasicErrorController.error(javax.servlet.http.HttpServletRequest)
2017-06-01 00:22:53.678  INFO 5254 --- [main] o.s.w.s.handler.SimpleUrlHandlerMapping  : Mapped URL path [/webjars/**] onto handler of type [class org.springframework.web.servlet.resource.ResourceHttpRequestHandler]
2017-06-01 00:22:53.679  INFO 5254 --- [main] o.s.w.s.handler.SimpleUrlHandlerMapping  : Mapped URL path [/**] onto handler of type [class org.springframework.web.servlet.resource.ResourceHttpRequestHandler]
2017-06-01 00:22:53.700  INFO 5254 --- [main] .m.m.a.ExceptionHandlerExceptionResolver : Detected @ExceptionHandler methods in defaultExceptionHandler
2017-06-01 00:22:53.723  INFO 5254 --- [main] o.s.w.s.handler.SimpleUrlHandlerMapping  : Mapped URL path [/**/favicon.ico] onto handler of type [class org.springframework.web.servlet.resource.ResourceHttpRequestHandler]
2017-06-01 00:22:53.986  INFO 5254 --- [main] o.s.j.e.a.AnnotationMBeanExporter        : Registering beans for JMX exposure on startup
2017-06-01 00:22:54.026  INFO 5254 --- [main] s.b.c.e.t.TomcatEmbeddedServletContainer : Tomcat started on port(s): 8080 (http)
2017-06-01 00:22:54.030  INFO 5254 --- [main] com.yalov4uk.core.Application            : Started Application in 4.396 seconds (JVM running for 4.699)
2017-06-01 00:23:10.619  INFO 5254 --- [Thread-3] ationConfigEmbeddedWebApplicationContext : Closing org.springframework.boot.context.embedded.AnnotationConfigEmbeddedWebApplicationContext@1372ed45: startup date [Thu Jun 01 00:22:49 MSK 2017]; root of context hierarchy
2017-06-01 00:23:10.621  INFO 5254 --- [Thread-3] o.s.j.e.a.AnnotationMBeanExporter        : Unregistering JMX-exposed beans on shutdown
2017-06-01 00:23:10.622  INFO 5254 --- [Thread-3] j.LocalContainerEntityManagerFactoryBean : Closing JPA EntityManagerFactory for persistence unit 'default'
